<?xml version="1.0" encoding="utf-8"?><testsuites name="pytest tests"><testsuite name="pytest" errors="0" failures="1" skipped="0" tests="11" time="2.197" timestamp="2026-04-20T02:57:47.115305+00:00" hostname="agent-env-53b66193-a2eb-4d53-8a2e-0d281d874a2a"><testcase classname="backend.tests.test_iteration5" name="test_checkout_session_premium_creates" time="0.795" /><testcase classname="backend.tests.test_iteration5" name="test_checkout_session_invalid_plan_400" time="0.054" /><testcase classname="backend.tests.test_iteration5" name="test_checkout_session_dealer_plan" time="0.465" /><testcase classname="backend.tests.test_iteration5" name="test_checkout_status_returns_initiated_or_unpaid" time="0.252"><failure message="AssertionError: Internal Server Error&#10;assert 500 == 200&#10; +  where 500 = &lt;Response [500]&gt;.status_code">backend/tests/test_iteration5.py:63: in test_checkout_status_returns_initiated_or_unpaid
    assert r.status_code == 200, r.text
E   AssertionError: Internal Server Error
E   assert 500 == 200
E    +  where 500 = &lt;Response [500]&gt;.status_code</failure></testcase><testcase classname="backend.tests.test_iteration5" name="test_checkout_status_not_found" time="0.052" /><testcase classname="backend.tests.test_iteration5" name="test_dealer_apply_creates_pending" time="0.055" /><testcase classname="backend.tests.test_iteration5" name="test_dealers_list_sorted_by_bid_desc" time="0.160" /><testcase classname="backend.tests.test_iteration5" name="test_dealers_city_filter" time="0.101" /><testcase classname="backend.tests.test_iteration5" name="test_me_subscription_none_for_unknown" time="0.055" /><testcase classname="backend.tests.test_iteration5" name="test_manifest_json_served" time="0.052" /><testcase classname="backend.tests.test_iteration5" name="test_service_worker_served" time="0.059" /></testsuite></testsuites>