<?xml version="1.0" encoding="utf-8"?><testsuites name="pytest tests"><testsuite name="pytest" errors="0" failures="0" skipped="0" tests="6" time="5.158" timestamp="2026-04-20T00:26:26.330668+00:00" hostname="agent-env-53b66193-a2eb-4d53-8a2e-0d281d874a2a"><testcase classname="backend.tests.test_iteration3" name="test_partners_list_returns_9" time="0.246" /><testcase classname="backend.tests.test_iteration3" name="test_partners_filter_loan" time="0.051" /><testcase classname="backend.tests.test_iteration3" name="test_partners_filter_insurance" time="0.051" /><testcase classname="backend.tests.test_iteration3" name="test_booking_with_loan_and_insurance_creates_leads" time="0.165" /><testcase classname="backend.tests.test_iteration3" name="test_booking_without_finance_no_leads" time="0.159" /><testcase classname="backend.tests.test_iteration3" name="test_ai_chat_track_booking_by_phone" time="4.415" /></testsuite></testsuites>