<?xml version="1.0" encoding="utf-8"?><testsuites name="pytest tests"><testsuite name="pytest" errors="0" failures="0" skipped="0" tests="9" time="1.166" timestamp="2026-04-20T01:01:45.937282+00:00" hostname="agent-env-53b66193-a2eb-4d53-8a2e-0d281d874a2a"><testcase classname="backend.tests.test_iteration4" name="test_image_proxy_wikimedia_ok" time="0.446" /><testcase classname="backend.tests.test_iteration4" name="test_image_proxy_disallowed_host" time="0.054" /><testcase classname="backend.tests.test_iteration4" name="test_send_otp" time="0.051" /><testcase classname="backend.tests.test_iteration4" name="test_verify_otp_success" time="0.049" /><testcase classname="backend.tests.test_iteration4" name="test_verify_otp_wrong" time="0.047" /><testcase classname="backend.tests.test_iteration4" name="test_me_bookings_filters_by_phone" time="0.110" /><testcase classname="backend.tests.test_iteration4" name="test_me_bookings_empty_for_unknown_phone" time="0.050" /><testcase classname="backend.tests.test_iteration4" name="test_dealer_leads_aggregates" time="0.102" /><testcase classname="backend.tests.test_iteration4" name="test_dealer_leads_city_filter" time="0.179" /></testsuite></testsuites>