<?xml version="1.0" encoding="utf-8"?><testsuites name="pytest tests"><testsuite name="pytest" errors="0" failures="1" skipped="0" tests="9" time="18.776" timestamp="2026-04-19T23:28:00.067585+00:00" hostname="agent-env-53b66193-a2eb-4d53-8a2e-0d281d874a2a"><testcase classname="backend.tests.backend_test" name="test_list_cars_returns_100_plus" time="0.252" /><testcase classname="backend.tests.backend_test" name="test_cars_brand_coverage" time="0.058"><failure message="AssertionError: Missing brands: {'Maruti'}. Got: {'Volkswagen', 'Skoda', 'Volvo', 'Jeep', 'MINI', 'Kia', 'BMW', 'Tata', 'Nissan', 'Citroen', 'Mahindra', 'Honda', 'Maruti Suzuki', 'MG', 'Renault', 'Audi', 'Mercedes-Benz', 'Hyundai', 'Toyota'}&#10;assert not {'Maruti'}">backend/tests/backend_test.py:49: in test_cars_brand_coverage
    assert not missing, f"Missing brands: {missing}. Got: {brands}"
E   AssertionError: Missing brands: {'Maruti'}. Got: {'Volkswagen', 'Skoda', 'Volvo', 'Jeep', 'MINI', 'Kia', 'BMW', 'Tata', 'Nissan', 'Citroen', 'Mahindra', 'Honda', 'Maruti Suzuki', 'MG', 'Renault', 'Audi', 'Mercedes-Benz', 'Hyundai', 'Toyota'}
E   assert not {'Maruti'}</failure></testcase><testcase classname="backend.tests.backend_test" name="test_get_car_tata_nexon" time="0.053" /><testcase classname="backend.tests.backend_test" name="test_create_booking_and_get" time="0.104" /><testcase classname="backend.tests.backend_test" name="test_create_booking_invalid_car_returns_404" time="0.052" /><testcase classname="backend.tests.backend_test" name="test_get_booking_not_found" time="0.048" /><testcase classname="backend.tests.backend_test" name="test_booking_dealer_mapping_bengaluru" time="0.047" /><testcase classname="backend.tests.backend_test" name="test_ai_chat_hindi_language" time="9.741" /><testcase classname="backend.tests.backend_test" name="test_ai_chat_english_default" time="8.250" /></testsuite></testsuites>